Performing C SOURCE FILE Test CMAKE_HAVE_LIBC_PTHREAD failed with the following output:
Change Dir: /homes/a19lucas/Documents/parping_galax/build/CMakeFiles/CMakeTmp

Run Build Command(s):/bin/make cmTC_f2e71/fast && /bin/make -f CMakeFiles/cmTC_f2e71.dir/build.make CMakeFiles/cmTC_f2e71.dir/build
make[1] : on entre dans le répertoire « /homes/a19lucas/Documents/parping_galax/build/CMakeFiles/CMakeTmp »
Building C object CMakeFiles/cmTC_f2e71.dir/src.c.o
/bin/cc   -fPIC -DCMAKE_HAVE_LIBC_PTHREAD   -o CMakeFiles/cmTC_f2e71.dir/src.c.o   -c /homes/a19lucas/Documents/parping_galax/build/CMakeFiles/CMakeTmp/src.c
Linking C executable cmTC_f2e71
/usr/bin/cmake -E cmake_link_script CMakeFiles/cmTC_f2e71.dir/link.txt --verbose=1
/bin/cc -fPIC -DCMAKE_HAVE_LIBC_PTHREAD    CMakeFiles/cmTC_f2e71.dir/src.c.o  -o cmTC_f2e71 
/bin/ld : CMakeFiles/cmTC_f2e71.dir/src.c.o : dans la fonction « main » :
src.c:(.text+0x46) : référence indéfinie vers « pthread_create »
/bin/ld : src.c:(.text+0x52) : référence indéfinie vers « pthread_detach »
/bin/ld : src.c:(.text+0x63) : référence indéfinie vers « pthread_join »
collect2: error: ld returned 1 exit status
make[1]: *** [CMakeFiles/cmTC_f2e71.dir/build.make:87 : cmTC_f2e71] Erreur 1
make[1] : on quitte le répertoire « /homes/a19lucas/Documents/parping_galax/build/CMakeFiles/CMakeTmp »
make: *** [Makefile:121 : cmTC_f2e71/fast] Erreur 2


Source file was:
#include <pthread.h>

void* test_func(void* data)
{
  return data;
}

int main(void)
{
  pthread_t thread;
  pthread_create(&thread, NULL, test_func, NULL);
  pthread_detach(thread);
  pthread_join(thread, NULL);
  pthread_atfork(NULL, NULL, NULL);
  pthread_exit(NULL);

  return 0;
}

Determining if the function pthread_create exists in the pthreads failed with the following output:
Change Dir: /homes/a19lucas/Documents/parping_galax/build/CMakeFiles/CMakeTmp

Run Build Command(s):/bin/make cmTC_eac9d/fast && /bin/make -f CMakeFiles/cmTC_eac9d.dir/build.make CMakeFiles/cmTC_eac9d.dir/build
make[1] : on entre dans le répertoire « /homes/a19lucas/Documents/parping_galax/build/CMakeFiles/CMakeTmp »
Building C object CMakeFiles/cmTC_eac9d.dir/CheckFunctionExists.c.o
/bin/cc   -fPIC -DCHECK_FUNCTION_EXISTS=pthread_create   -o CMakeFiles/cmTC_eac9d.dir/CheckFunctionExists.c.o   -c /usr/share/cmake-3.16/Modules/CheckFunctionExists.c
Linking C executable cmTC_eac9d
/usr/bin/cmake -E cmake_link_script CMakeFiles/cmTC_eac9d.dir/link.txt --verbose=1
/bin/cc -fPIC -DCHECK_FUNCTION_EXISTS=pthread_create    CMakeFiles/cmTC_eac9d.dir/CheckFunctionExists.c.o  -o cmTC_eac9d  -lpthreads 
/bin/ld : ne peut trouver -lpthreads
collect2: error: ld returned 1 exit status
make[1]: *** [CMakeFiles/cmTC_eac9d.dir/build.make:87 : cmTC_eac9d] Erreur 1
make[1] : on quitte le répertoire « /homes/a19lucas/Documents/parping_galax/build/CMakeFiles/CMakeTmp »
make: *** [Makefile:121 : cmTC_eac9d/fast] Erreur 2



